<?xml version="1.0" encoding="UTF-8"?>
<coverage generated="1519170374995" clover="3.2.0">
  <project timestamp="1519170374995" name="All files">
    <metrics statements="19" coveredstatements="19" conditionals="12" coveredconditionals="6" methods="7" coveredmethods="7" elements="38" coveredelements="32" complexity="0" loc="19" ncloc="19" packages="1" files="1" classes="1">
      <file name="index.umd.js" path="/Users/redapesolutions/axcess/axcess-common/build/index.umd.js">
        <metrics statements="19" coveredstatements="19" conditionals="12" coveredconditionals="6" methods="7" coveredmethods="7"/>
        <line num="1" count="2" type="stmt"/>
        <line num="2" count="2" type="cond" truecount="3" falsecount="1"/>
        <line num="7" count="2" type="cond" truecount="3" falsecount="1"/>
        <line num="9" count="29" type="stmt"/>
        <line num="11" count="2" type="stmt"/>
        <line num="13" count="2" type="stmt"/>
        <line num="31" count="2" type="stmt"/>
        <line num="49" count="2" type="stmt"/>
        <line num="50" count="53" type="stmt"/>
        <line num="51" count="10" type="stmt"/>
        <line num="52" count="10" type="stmt"/>
        <line num="59" count="2" type="stmt"/>
        <line num="68" count="2" type="stmt"/>
        <line num="69" count="2" type="stmt"/>
        <line num="70" count="2" type="stmt"/>
        <line num="71" count="2" type="stmt"/>
        <line num="72" count="2" type="stmt"/>
        <line num="73" count="2" type="stmt"/>
        <line num="75" count="2" type="stmt"/>
      </file>
    </metrics>
  </project>
</coverage>
