{"/Users/redapesolutions/axcess/axcess-common/build/index.umd.js": {"path":"/Users/redapesolutions/axcess/axcess-common/build/index.umd.js","statementMap":{"0":{"start":{"line":1,"column":0},"end":{"line":77,"column":5}},"1":{"start":{"line":2,"column":1},"end":{"line":4,"column":54}},"2":{"start":{"line":7,"column":0},"end":{"line":7,"column":86}},"3":{"start":{"line":9,"column":22},"end":{"line":9,"column":99}},"4":{"start":{"line":9,"column":27},"end":{"line":9,"column":99}},"5":{"start":{"line":9,"column":43},"end":{"line":9,"column":99}},"6":{"start":{"line":9,"column":70},"end":{"line":9,"column":81}},"7":{"start":{"line":11,"column":21},"end":{"line":11,"column":38}},"8":{"start":{"line":13,"column":22},"end":{"line":29,"column":1}},"9":{"start":{"line":31,"column":29},"end":{"line":47,"column":1}},"10":{"start":{"line":49,"column":22},"end":{"line":57,"column":1}},"11":{"start":{"line":50,"column":22},"end":{"line":50,"column":72}},"12":{"start":{"line":50,"column":57},"end":{"line":50,"column":71}},"13":{"start":{"line":51,"column":2},"end":{"line":51,"column":27}},"14":{"start":{"line":52,"column":2},"end":{"line":56,"column":3}},"15":{"start":{"line":59,"column":29},"end":{"line":66,"column":1}},"16":{"start":{"line":68,"column":0},"end":{"line":68,"column":38}},"17":{"start":{"line":69,"column":0},"end":{"line":69,"column":36}},"18":{"start":{"line":70,"column":0},"end":{"line":70,"column":52}},"19":{"start":{"line":71,"column":0},"end":{"line":71,"column":38}},"20":{"start":{"line":72,"column":0},"end":{"line":72,"column":52}},"21":{"start":{"line":73,"column":0},"end":{"line":73,"column":38}},"22":{"start":{"line":75,"column":0},"end":{"line":75,"column":62}}},"fnMap":{"0":{"name":"(anonymous_0)","decl":{"start":{"line":1,"column":1},"end":{"line":1,"column":2}},"loc":{"start":{"line":1,"column":28},"end":{"line":5,"column":1}},"line":1},"1":{"name":"(anonymous_1)","decl":{"start":{"line":5,"column":9},"end":{"line":5,"column":10}},"loc":{"start":{"line":5,"column":36},"end":{"line":77,"column":1}},"line":5},"2":{"name":"(anonymous_2)","decl":{"start":{"line":9,"column":22},"end":{"line":9,"column":23}},"loc":{"start":{"line":9,"column":27},"end":{"line":9,"column":99}},"line":9},"3":{"name":"(anonymous_3)","decl":{"start":{"line":9,"column":27},"end":{"line":9,"column":28}},"loc":{"start":{"line":9,"column":43},"end":{"line":9,"column":99}},"line":9},"4":{"name":"(anonymous_4)","decl":{"start":{"line":9,"column":65},"end":{"line":9,"column":66}},"loc":{"start":{"line":9,"column":70},"end":{"line":9,"column":81}},"line":9},"5":{"name":"(anonymous_5)","decl":{"start":{"line":49,"column":22},"end":{"line":49,"column":23}},"loc":{"start":{"line":49,"column":43},"end":{"line":57,"column":1}},"line":49},"6":{"name":"(anonymous_6)","decl":{"start":{"line":50,"column":52},"end":{"line":50,"column":53}},"loc":{"start":{"line":50,"column":57},"end":{"line":50,"column":71}},"line":50}},"branchMap":{"0":{"loc":{"start":{"line":2,"column":1},"end":{"line":4,"column":53}},"type":"cond-expr","locations":[{"start":{"line":2,"column":64},"end":{"line":2,"column":107}},{"start":{"line":3,"column":1},"end":{"line":4,"column":53}}],"line":2},"1":{"loc":{"start":{"line":2,"column":1},"end":{"line":2,"column":61}},"type":"binary-expr","locations":[{"start":{"line":2,"column":1},"end":{"line":2,"column":28}},{"start":{"line":2,"column":32},"end":{"line":2,"column":61}}],"line":2},"2":{"loc":{"start":{"line":3,"column":1},"end":{"line":4,"column":53}},"type":"cond-expr","locations":[{"start":{"line":3,"column":46},"end":{"line":3,"column":92}},{"start":{"line":4,"column":2},"end":{"line":4,"column":52}}],"line":3},"3":{"loc":{"start":{"line":3,"column":1},"end":{"line":3,"column":43}},"type":"binary-expr","locations":[{"start":{"line":3,"column":1},"end":{"line":3,"column":29}},{"start":{"line":3,"column":33},"end":{"line":3,"column":43}}],"line":3},"4":{"loc":{"start":{"line":7,"column":10},"end":{"line":7,"column":85}},"type":"cond-expr","locations":[{"start":{"line":7,"column":57},"end":{"line":7,"column":75}},{"start":{"line":7,"column":78},"end":{"line":7,"column":85}}],"line":7},"5":{"loc":{"start":{"line":7,"column":10},"end":{"line":7,"column":54}},"type":"binary-expr","locations":[{"start":{"line":7,"column":10},"end":{"line":7,"column":17}},{"start":{"line":7,"column":21},"end":{"line":7,"column":54}}],"line":7}},"s":{"0":2,"1":2,"2":2,"3":2,"4":4,"5":6,"6":29,"7":2,"8":2,"9":2,"10":2,"11":10,"12":53,"13":10,"14":10,"15":2,"16":2,"17":2,"18":2,"19":2,"20":2,"21":2,"22":2},"f":{"0":2,"1":2,"2":4,"3":6,"4":29,"5":10,"6":53},"b":{"0":[2,0],"1":[2,2],"2":[0,0],"3":[0,0],"4":[0,2],"5":[2,2]},"_coverageSchema":"332fd63041d2c1bcb487cc26dd0d5f7d97098a6c","hash":"44142699e02183ef2360cec635d4b8e909d01c90"}
}
