TN:
SF:/Users/redapesolutions/axcess/axcess-common/build/index.umd.js
FN:1,(anonymous_0)
FN:5,(anonymous_1)
FN:9,(anonymous_2)
FN:9,(anonymous_3)
FN:9,(anonymous_4)
FN:49,(anonymous_5)
FN:50,(anonymous_6)
FNF:7
FNH:7
FNDA:2,(anonymous_0)
FNDA:2,(anonymous_1)
FNDA:4,(anonymous_2)
FNDA:6,(anonymous_3)
FNDA:29,(anonymous_4)
FNDA:10,(anonymous_5)
FNDA:53,(anonymous_6)
DA:1,2
DA:2,2
DA:7,2
DA:9,29
DA:11,2
DA:13,2
DA:31,2
DA:49,2
DA:50,53
DA:51,10
DA:52,10
DA:59,2
DA:68,2
DA:69,2
DA:70,2
DA:71,2
DA:72,2
DA:73,2
DA:75,2
LF:19
LH:19
BRDA:2,0,0,2
BRDA:2,0,1,0
BRDA:2,1,0,2
BRDA:2,1,1,2
BRDA:3,2,0,0
BRDA:3,2,1,0
BRDA:3,3,0,0
BRDA:3,3,1,0
BRDA:7,4,0,0
BRDA:7,4,1,2
BRDA:7,5,0,2
BRDA:7,5,1,2
BRF:12
BRH:6
end_of_record
